<?xml version="1.0" encoding="UTF-8"?>
<!-- Generated by org.testng.reporters.JUnitXMLReporter -->
<testsuite ignored="0" hostname="DESKTOP-RAR3R0F" failures="2" tests="3" name="Test" time="28.008" errors="0" timestamp="2024-09-06T18:57:11 IST">
  <testcase classname="com.simple.Programes.TestCaseForScreenShotFailedTestCase" name="Login1" time="6.774"/>
  <testcase classname="com.simple.Programes.TestCaseForScreenShotFailedTestCase" name="Login1" time="1.844">
    <failure type="java.lang.AssertionError" message="expected [https://livedemo.euniwizarde.com/HomePage/loadSiteHomePage/8AH7oGxpOmGSwpYyh3ovdg] but found [https://livedemo.euniwizarde.com/login/validateLogin]">
      <![CDATA[java.lang.AssertionError: expected [https://livedemo.euniwizarde.com/HomePage/loadSiteHomePage/8AH7oGxpOmGSwpYyh3ovdg] but found [https://livedemo.euniwizarde.com/login/validateLogin]
at com.simple.Programes.TestCaseForScreenShotFailedTestCase.Login1(TestCaseForScreenShotFailedTestCase.java:42)
at java.base/java.util.ArrayList.forEach(ArrayList.java:1511)
... Removed 31 stack frames]]>
    </failure>
  </testcase> <!-- Login1 -->
  <testcase classname="com.simple.Programes.TestCaseForScreenShotFailedTestCase" name="Login1" time="1.71">
    <failure type="java.lang.AssertionError" message="expected [https://livedemo.euniwizarde.com/HomePage/ebidSites?siteName=livedemo] but found [https://livedemo.euniwizarde.com/login/validateLogin]">
      <![CDATA[java.lang.AssertionError: expected [https://livedemo.euniwizarde.com/HomePage/ebidSites?siteName=livedemo] but found [https://livedemo.euniwizarde.com/login/validateLogin]
at com.simple.Programes.TestCaseForScreenShotFailedTestCase.Login1(TestCaseForScreenShotFailedTestCase.java:42)
at java.base/java.util.ArrayList.forEach(ArrayList.java:1511)
... Removed 31 stack frames]]>
    </failure>
  </testcase> <!-- Login1 -->
</testsuite> <!-- Test -->
